[      32ms] [INFO] %cDownload the React DevTools for a better development experience: https://reactjs.org/link/react-devtools font-weight:bold @ http://localhost:7290/node_modules/.vite/deps/chunk-SVG7M4VJ.js?v=e8ea50cc:21606
[     146ms] [WARNING] ⚠️ React Router Future Flag Warning: React Router will begin wrapping state updates in `React.startTransition` in v7. You can use the `v7_startTransition` future flag to opt-in early. For more information, see https://reactrouter.com/v6/upgrading/future#v7_starttransition. @ http://localhost:7290/node_modules/.vite/deps/react-router-dom.js?v=e8ea50cc:4433
[     146ms] [WARNING] ⚠️ React Router Future Flag Warning: Relative route resolution within Splat routes is changing in v7. You can use the `v7_relativeSplatPath` future flag to opt-in early. For more information, see https://reactrouter.com/v6/upgrading/future#v7_relativesplatpath. @ http://localhost:7290/node_modules/.vite/deps/react-router-dom.js?v=e8ea50cc:4433
[ 1474521ms] [ERROR] WebSocket connection to 'ws://localhost:7290/?token=pmVkSnV1d9YK' failed:  @ http://localhost:7290/@vite/client:801
[ 1474521ms] [LOG] [vite] server connection lost. Polling for restart... @ http://localhost:7290/@vite/client:963
[ 1474547ms] [ERROR] WebSocket connection to 'ws://localhost:7290/' failed: Error in connection establishment: net::ERR_CONNECTION_REFUSED @ http://localhost:7290/@vite/client:1034
[ 1475549ms] [ERROR] WebSocket connection to 'ws://localhost:7290/' failed: Error in connection establishment: net::ERR_CONNECTION_REFUSED @ http://localhost:7290/@vite/client:1034
[ 1476626ms] [INFO] %cDownload the React DevTools for a better development experience: https://reactjs.org/link/react-devtools font-weight:bold @ http://localhost:7290/node_modules/.vite/deps/chunk-SVG7M4VJ.js?v=e8ea50cc:21606
[ 1476721ms] [WARNING] ⚠️ React Router Future Flag Warning: React Router will begin wrapping state updates in `React.startTransition` in v7. You can use the `v7_startTransition` future flag to opt-in early. For more information, see https://reactrouter.com/v6/upgrading/future#v7_starttransition. @ http://localhost:7290/node_modules/.vite/deps/react-router-dom.js?v=e8ea50cc:4433
[ 1476721ms] [WARNING] ⚠️ React Router Future Flag Warning: Relative route resolution within Splat routes is changing in v7. You can use the `v7_relativeSplatPath` future flag to opt-in early. For more information, see https://reactrouter.com/v6/upgrading/future#v7_relativesplatpath. @ http://localhost:7290/node_modules/.vite/deps/react-router-dom.js?v=e8ea50cc:4433
[18282239ms] [LOG] [vite] server connection lost. Polling for restart... @ http://localhost:7290/@vite/client:963
[18282240ms] [ERROR] WebSocket connection to 'ws://localhost:7290/' failed: Error in connection establishment: net::ERR_CONNECTION_REFUSED @ http://localhost:7290/@vite/client:1034
[18283241ms] [ERROR] WebSocket connection to 'ws://localhost:7290/' failed: Error in connection establishment: net::ERR_CONNECTION_REFUSED @ http://localhost:7290/@vite/client:1034
[18284242ms] [ERROR] WebSocket connection to 'ws://localhost:7290/' failed: Error in connection establishment: net::ERR_CONNECTION_REFUSED @ http://localhost:7290/@vite/client:1034
[18285244ms] [ERROR] WebSocket connection to 'ws://localhost:7290/' failed: Error in connection establishment: net::ERR_CONNECTION_REFUSED @ http://localhost:7290/@vite/client:1034
[18286246ms] [ERROR] WebSocket connection to 'ws://localhost:7290/' failed: Error in connection establishment: net::ERR_CONNECTION_REFUSED @ http://localhost:7290/@vite/client:1034
[18287250ms] [ERROR] WebSocket connection to 'ws://localhost:7290/' failed: Error in connection establishment: net::ERR_CONNECTION_REFUSED @ http://localhost:7290/@vite/client:1034
[18288258ms] [ERROR] WebSocket connection to 'ws://localhost:7290/' failed: Error in connection establishment: net::ERR_CONNECTION_REFUSED @ http://localhost:7290/@vite/client:1034
[18289266ms] [ERROR] WebSocket connection to 'ws://localhost:7290/' failed: Error in connection establishment: net::ERR_CONNECTION_REFUSED @ http://localhost:7290/@vite/client:1034
[18290294ms] [ERROR] WebSocket connection to 'ws://localhost:7290/' failed: Error in connection establishment: net::ERR_CONNECTION_REFUSED @ http://localhost:7290/@vite/client:1034
[18291313ms] [ERROR] WebSocket connection to 'ws://localhost:7290/' failed: Error in connection establishment: net::ERR_CONNECTION_REFUSED @ http://localhost:7290/@vite/client:1034
[18292428ms] [ERROR] WebSocket connection to 'ws://localhost:7290/' failed: Error in connection establishment: net::ERR_CONNECTION_REFUSED @ http://localhost:7290/@vite/client:1034
[18293658ms] [ERROR] WebSocket connection to 'ws://localhost:7290/' failed: Error in connection establishment: net::ERR_CONNECTION_REFUSED @ http://localhost:7290/@vite/client:1034
[18295002ms] [ERROR] WebSocket connection to 'ws://localhost:7290/' failed: Error in connection establishment: net::ERR_CONNECTION_REFUSED @ http://localhost:7290/@vite/client:1034
[18297042ms] [ERROR] WebSocket connection to 'ws://localhost:7290/' failed: Error in connection establishment: net::ERR_CONNECTION_REFUSED @ http://localhost:7290/@vite/client:1034
[18299866ms] [ERROR] WebSocket connection to 'ws://localhost:7290/' failed: Error in connection establishment: net::ERR_CONNECTION_REFUSED @ http://localhost:7290/@vite/client:1034
[18305115ms] [ERROR] WebSocket connection to 'ws://localhost:7290/' failed: Error in connection establishment: net::ERR_CONNECTION_REFUSED @ http://localhost:7290/@vite/client:1034
[18309927ms] [ERROR] WebSocket connection to 'ws://localhost:7290/' failed: Error in connection establishment: net::ERR_CONNECTION_REFUSED @ http://localhost:7290/@vite/client:1034
