[      52ms] [INFO] %cDownload the React DevTools for a better development experience: https://reactjs.org/link/react-devtools font-weight:bold @ http://localhost:7290/node_modules/.vite/deps/chunk-SVG7M4VJ.js?v=ac4551cf:21606
[      98ms] [WARNING] ⚠️ React Router Future Flag Warning: React Router will begin wrapping state updates in `React.startTransition` in v7. You can use the `v7_startTransition` future flag to opt-in early. For more information, see https://reactrouter.com/v6/upgrading/future#v7_starttransition. @ http://localhost:7290/node_modules/.vite/deps/react-router-dom.js?v=ac4551cf:4433
[      98ms] [WARNING] ⚠️ React Router Future Flag Warning: Relative route resolution within Splat routes is changing in v7. You can use the `v7_relativeSplatPath` future flag to opt-in early. For more information, see https://reactrouter.com/v6/upgrading/future#v7_relativesplatpath. @ http://localhost:7290/node_modules/.vite/deps/react-router-dom.js?v=ac4551cf:4433
[  252993ms] [LOG] [vite] server connection lost. Polling for restart... @ http://localhost:7290/@vite/client:963
[  252994ms] [ERROR] WebSocket connection to 'ws://localhost:7290/' failed: Error in connection establishment: net::ERR_CONNECTION_REFUSED @ http://localhost:7290/@vite/client:1034
[  254201ms] [INFO] %cDownload the React DevTools for a better development experience: https://reactjs.org/link/react-devtools font-weight:bold @ http://localhost:7290/node_modules/.vite/deps/chunk-SVG7M4VJ.js?v=ac4551cf:21606
[  254254ms] [WARNING] ⚠️ React Router Future Flag Warning: React Router will begin wrapping state updates in `React.startTransition` in v7. You can use the `v7_startTransition` future flag to opt-in early. For more information, see https://reactrouter.com/v6/upgrading/future#v7_starttransition. @ http://localhost:7290/node_modules/.vite/deps/react-router-dom.js?v=ac4551cf:4433
[  254254ms] [WARNING] ⚠️ React Router Future Flag Warning: Relative route resolution within Splat routes is changing in v7. You can use the `v7_relativeSplatPath` future flag to opt-in early. For more information, see https://reactrouter.com/v6/upgrading/future#v7_relativesplatpath. @ http://localhost:7290/node_modules/.vite/deps/react-router-dom.js?v=ac4551cf:4433
[  275907ms] [ERROR] WebSocket connection to 'ws://localhost:7290/?token=NhGQa88TACI9' failed:  @ http://localhost:7290/@vite/client:801
[  275907ms] [LOG] [vite] server connection lost. Polling for restart... @ http://localhost:7290/@vite/client:963
[  275909ms] [ERROR] WebSocket connection to 'ws://localhost:7290/' failed:  @ http://localhost:7290/@vite/client:1034
[  276912ms] [ERROR] WebSocket connection to 'ws://localhost:7290/' failed: Error in connection establishment: net::ERR_CONNECTION_REFUSED @ http://localhost:7290/@vite/client:1034
[  278338ms] [INFO] %cDownload the React DevTools for a better development experience: https://reactjs.org/link/react-devtools font-weight:bold @ http://localhost:7290/node_modules/.vite/deps/chunk-SVG7M4VJ.js?v=ac4551cf:21606
[  278376ms] [WARNING] ⚠️ React Router Future Flag Warning: React Router will begin wrapping state updates in `React.startTransition` in v7. You can use the `v7_startTransition` future flag to opt-in early. For more information, see https://reactrouter.com/v6/upgrading/future#v7_starttransition. @ http://localhost:7290/node_modules/.vite/deps/react-router-dom.js?v=ac4551cf:4433
[  278376ms] [WARNING] ⚠️ React Router Future Flag Warning: Relative route resolution within Splat routes is changing in v7. You can use the `v7_relativeSplatPath` future flag to opt-in early. For more information, see https://reactrouter.com/v6/upgrading/future#v7_relativesplatpath. @ http://localhost:7290/node_modules/.vite/deps/react-router-dom.js?v=ac4551cf:4433
[  341586ms] [LOG] [vite] server connection lost. Polling for restart... @ http://localhost:7290/@vite/client:963
[  341587ms] [ERROR] WebSocket connection to 'ws://localhost:7290/' failed: Error in connection establishment: net::ERR_CONNECTION_REFUSED @ http://localhost:7290/@vite/client:1034
[  342796ms] [INFO] %cDownload the React DevTools for a better development experience: https://reactjs.org/link/react-devtools font-weight:bold @ http://localhost:7290/node_modules/.vite/deps/chunk-SVG7M4VJ.js?v=ac4551cf:21606
[  342835ms] [WARNING] ⚠️ React Router Future Flag Warning: React Router will begin wrapping state updates in `React.startTransition` in v7. You can use the `v7_startTransition` future flag to opt-in early. For more information, see https://reactrouter.com/v6/upgrading/future#v7_starttransition. @ http://localhost:7290/node_modules/.vite/deps/react-router-dom.js?v=ac4551cf:4433
[  342835ms] [WARNING] ⚠️ React Router Future Flag Warning: Relative route resolution within Splat routes is changing in v7. You can use the `v7_relativeSplatPath` future flag to opt-in early. For more information, see https://reactrouter.com/v6/upgrading/future#v7_relativesplatpath. @ http://localhost:7290/node_modules/.vite/deps/react-router-dom.js?v=ac4551cf:4433
[  347332ms] [ERROR] WebSocket connection to 'ws://localhost:7290/?token=Y4lvqHIyWIpN' failed:  @ http://localhost:7290/@vite/client:801
[  347332ms] [LOG] [vite] server connection lost. Polling for restart... @ http://localhost:7290/@vite/client:963
[  347358ms] [ERROR] WebSocket connection to 'ws://localhost:7290/' failed: Error in connection establishment: net::ERR_CONNECTION_REFUSED @ http://localhost:7290/@vite/client:1034
[  348360ms] [ERROR] WebSocket connection to 'ws://localhost:7290/' failed: Error in connection establishment: net::ERR_CONNECTION_REFUSED @ http://localhost:7290/@vite/client:1034
[  349699ms] [INFO] %cDownload the React DevTools for a better development experience: https://reactjs.org/link/react-devtools font-weight:bold @ http://localhost:7290/node_modules/.vite/deps/chunk-SVG7M4VJ.js?v=ac4551cf:21606
[  349744ms] [WARNING] ⚠️ React Router Future Flag Warning: React Router will begin wrapping state updates in `React.startTransition` in v7. You can use the `v7_startTransition` future flag to opt-in early. For more information, see https://reactrouter.com/v6/upgrading/future#v7_starttransition. @ http://localhost:7290/node_modules/.vite/deps/react-router-dom.js?v=ac4551cf:4433
[  349744ms] [WARNING] ⚠️ React Router Future Flag Warning: Relative route resolution within Splat routes is changing in v7. You can use the `v7_relativeSplatPath` future flag to opt-in early. For more information, see https://reactrouter.com/v6/upgrading/future#v7_relativesplatpath. @ http://localhost:7290/node_modules/.vite/deps/react-router-dom.js?v=ac4551cf:4433
[  639180ms] [LOG] [vite] server connection lost. Polling for restart... @ http://localhost:7290/@vite/client:963
[  639181ms] [ERROR] WebSocket connection to 'ws://localhost:7290/' failed: Error in connection establishment: net::ERR_CONNECTION_REFUSED @ http://localhost:7290/@vite/client:1034
[  640224ms] [INFO] %cDownload the React DevTools for a better development experience: https://reactjs.org/link/react-devtools font-weight:bold @ http://localhost:7290/node_modules/.vite/deps/chunk-SVG7M4VJ.js?v=ac4551cf:21606
[  640262ms] [WARNING] ⚠️ React Router Future Flag Warning: React Router will begin wrapping state updates in `React.startTransition` in v7. You can use the `v7_startTransition` future flag to opt-in early. For more information, see https://reactrouter.com/v6/upgrading/future#v7_starttransition. @ http://localhost:7290/node_modules/.vite/deps/react-router-dom.js?v=ac4551cf:4433
[  640262ms] [WARNING] ⚠️ React Router Future Flag Warning: Relative route resolution within Splat routes is changing in v7. You can use the `v7_relativeSplatPath` future flag to opt-in early. For more information, see https://reactrouter.com/v6/upgrading/future#v7_relativesplatpath. @ http://localhost:7290/node_modules/.vite/deps/react-router-dom.js?v=ac4551cf:4433
[  659652ms] [ERROR] WebSocket connection to 'ws://localhost:7290/?token=u-y3e2xQz_nl' failed:  @ http://localhost:7290/@vite/client:801
[  659652ms] [LOG] [vite] server connection lost. Polling for restart... @ http://localhost:7290/@vite/client:963
[  659684ms] [ERROR] WebSocket connection to 'ws://localhost:7290/' failed: Error in connection establishment: net::ERR_CONNECTION_REFUSED @ http://localhost:7290/@vite/client:1034
[  660685ms] [ERROR] WebSocket connection to 'ws://localhost:7290/' failed: Error in connection establishment: net::ERR_CONNECTION_REFUSED @ http://localhost:7290/@vite/client:1034
[  661686ms] [ERROR] WebSocket connection to 'ws://localhost:7290/' failed: Error in connection establishment: net::ERR_CONNECTION_REFUSED @ http://localhost:7290/@vite/client:1034
[  662687ms] [ERROR] WebSocket connection to 'ws://localhost:7290/' failed: Error in connection establishment: net::ERR_CONNECTION_REFUSED @ http://localhost:7290/@vite/client:1034
[  663688ms] [ERROR] WebSocket connection to 'ws://localhost:7290/' failed: Error in connection establishment: net::ERR_CONNECTION_REFUSED @ http://localhost:7290/@vite/client:1034
[  664693ms] [ERROR] WebSocket connection to 'ws://localhost:7290/' failed: Error in connection establishment: net::ERR_CONNECTION_REFUSED @ http://localhost:7290/@vite/client:1034
[  665696ms] [ERROR] WebSocket connection to 'ws://localhost:7290/' failed: Error in connection establishment: net::ERR_CONNECTION_REFUSED @ http://localhost:7290/@vite/client:1034
[  666706ms] [ERROR] WebSocket connection to 'ws://localhost:7290/' failed: Error in connection establishment: net::ERR_CONNECTION_REFUSED @ http://localhost:7290/@vite/client:1034
[  667725ms] [ERROR] WebSocket connection to 'ws://localhost:7290/' failed: Error in connection establishment: net::ERR_CONNECTION_REFUSED @ http://localhost:7290/@vite/client:1034
[  668743ms] [ERROR] WebSocket connection to 'ws://localhost:7290/' failed: Error in connection establishment: net::ERR_CONNECTION_REFUSED @ http://localhost:7290/@vite/client:1034
[  669790ms] [ERROR] WebSocket connection to 'ws://localhost:7290/' failed: Error in connection establishment: net::ERR_CONNECTION_REFUSED @ http://localhost:7290/@vite/client:1034
[  671040ms] [ERROR] WebSocket connection to 'ws://localhost:7290/' failed: Error in connection establishment: net::ERR_CONNECTION_REFUSED @ http://localhost:7290/@vite/client:1034
[  672405ms] [INFO] %cDownload the React DevTools for a better development experience: https://reactjs.org/link/react-devtools font-weight:bold @ http://localhost:7290/node_modules/.vite/deps/chunk-SVG7M4VJ.js?v=fb797b1a:21606
[  672454ms] [WARNING] ⚠️ React Router Future Flag Warning: React Router will begin wrapping state updates in `React.startTransition` in v7. You can use the `v7_startTransition` future flag to opt-in early. For more information, see https://reactrouter.com/v6/upgrading/future#v7_starttransition. @ http://localhost:7290/node_modules/.vite/deps/react-router-dom.js?v=a0203f91:4433
[  672454ms] [WARNING] ⚠️ React Router Future Flag Warning: Relative route resolution within Splat routes is changing in v7. You can use the `v7_relativeSplatPath` future flag to opt-in early. For more information, see https://reactrouter.com/v6/upgrading/future#v7_relativesplatpath. @ http://localhost:7290/node_modules/.vite/deps/react-router-dom.js?v=a0203f91:4433
