[      48ms] [INFO] %cDownload the React DevTools for a better development experience: https://reactjs.org/link/react-devtools font-weight:bold @ http://localhost:7290/node_modules/.vite/deps/chunk-SVG7M4VJ.js?v=e8ea50cc:21606
[      90ms] [WARNING] ⚠️ React Router Future Flag Warning: React Router will begin wrapping state updates in `React.startTransition` in v7. You can use the `v7_startTransition` future flag to opt-in early. For more information, see https://reactrouter.com/v6/upgrading/future#v7_starttransition. @ http://localhost:7290/node_modules/.vite/deps/react-router-dom.js?v=e8ea50cc:4433
[      90ms] [WARNING] ⚠️ React Router Future Flag Warning: Relative route resolution within Splat routes is changing in v7. You can use the `v7_relativeSplatPath` future flag to opt-in early. For more information, see https://reactrouter.com/v6/upgrading/future#v7_relativesplatpath. @ http://localhost:7290/node_modules/.vite/deps/react-router-dom.js?v=e8ea50cc:4433
[   19006ms] [ERROR] Failed to load resource: the server responded with a status of 404 (Not Found) @ http://localhost:7290/favicon.ico:0
[16772847ms] [LOG] [vite] server connection lost. Polling for restart... @ http://localhost:7290/@vite/client:963
[16772848ms] [ERROR] WebSocket connection to 'ws://localhost:7290/' failed: Error in connection establishment: net::ERR_CONNECTION_REFUSED @ http://localhost:7290/@vite/client:1034
[16773849ms] [ERROR] WebSocket connection to 'ws://localhost:7290/' failed: Error in connection establishment: net::ERR_CONNECTION_REFUSED @ http://localhost:7290/@vite/client:1034
[16774850ms] [ERROR] WebSocket connection to 'ws://localhost:7290/' failed: Error in connection establishment: net::ERR_CONNECTION_REFUSED @ http://localhost:7290/@vite/client:1034
[16775852ms] [ERROR] WebSocket connection to 'ws://localhost:7290/' failed: Error in connection establishment: net::ERR_CONNECTION_REFUSED @ http://localhost:7290/@vite/client:1034
[16776854ms] [ERROR] WebSocket connection to 'ws://localhost:7290/' failed: Error in connection establishment: net::ERR_CONNECTION_REFUSED @ http://localhost:7290/@vite/client:1034
[16777857ms] [ERROR] WebSocket connection to 'ws://localhost:7290/' failed: Error in connection establishment: net::ERR_CONNECTION_REFUSED @ http://localhost:7290/@vite/client:1034
[16778862ms] [ERROR] WebSocket connection to 'ws://localhost:7290/' failed: Error in connection establishment: net::ERR_CONNECTION_REFUSED @ http://localhost:7290/@vite/client:1034
[16779874ms] [ERROR] WebSocket connection to 'ws://localhost:7290/' failed: Error in connection establishment: net::ERR_CONNECTION_REFUSED @ http://localhost:7290/@vite/client:1034
[16780914ms] [ERROR] WebSocket connection to 'ws://localhost:7290/' failed: Error in connection establishment: net::ERR_CONNECTION_REFUSED @ http://localhost:7290/@vite/client:1034
[16781967ms] [ERROR] WebSocket connection to 'ws://localhost:7290/' failed: Error in connection establishment: net::ERR_CONNECTION_REFUSED @ http://localhost:7290/@vite/client:1034
[16783036ms] [ERROR] WebSocket connection to 'ws://localhost:7290/' failed: Error in connection establishment: net::ERR_CONNECTION_REFUSED @ http://localhost:7290/@vite/client:1034
[16784315ms] [ERROR] WebSocket connection to 'ws://localhost:7290/' failed: Error in connection establishment: net::ERR_CONNECTION_REFUSED @ http://localhost:7290/@vite/client:1034
[16785644ms] [ERROR] WebSocket connection to 'ws://localhost:7290/' failed: Error in connection establishment: net::ERR_CONNECTION_REFUSED @ http://localhost:7290/@vite/client:1034
[16787070ms] [ERROR] WebSocket connection to 'ws://localhost:7290/' failed: Error in connection establishment: net::ERR_CONNECTION_REFUSED @ http://localhost:7290/@vite/client:1034
[16789470ms] [ERROR] WebSocket connection to 'ws://localhost:7290/' failed: Error in connection establishment: net::ERR_CONNECTION_REFUSED @ http://localhost:7290/@vite/client:1034
[16791765ms] [ERROR] WebSocket connection to 'ws://localhost:7290/' failed: Error in connection establishment: net::ERR_CONNECTION_REFUSED @ http://localhost:7290/@vite/client:1034
[16796597ms] [ERROR] WebSocket connection to 'ws://localhost:7290/' failed: Error in connection establishment: net::ERR_CONNECTION_REFUSED @ http://localhost:7290/@vite/client:1034
[16802124ms] [ERROR] WebSocket connection to 'ws://localhost:7290/' failed: Error in connection establishment: net::ERR_CONNECTION_REFUSED @ http://localhost:7290/@vite/client:1034
[16805335ms] [ERROR] WebSocket connection to 'ws://localhost:7290/' failed: Error in connection establishment: net::ERR_CONNECTION_REFUSED @ http://localhost:7290/@vite/client:1034
[16811445ms] [INFO] %cDownload the React DevTools for a better development experience: https://reactjs.org/link/react-devtools font-weight:bold @ http://localhost:7290/node_modules/.vite/deps/chunk-SVG7M4VJ.js?v=e8ea50cc:21606
[16811468ms] [WARNING] ⚠️ React Router Future Flag Warning: React Router will begin wrapping state updates in `React.startTransition` in v7. You can use the `v7_startTransition` future flag to opt-in early. For more information, see https://reactrouter.com/v6/upgrading/future#v7_starttransition. @ http://localhost:7290/node_modules/.vite/deps/react-router-dom.js?v=e8ea50cc:4433
[16811468ms] [WARNING] ⚠️ React Router Future Flag Warning: Relative route resolution within Splat routes is changing in v7. You can use the `v7_relativeSplatPath` future flag to opt-in early. For more information, see https://reactrouter.com/v6/upgrading/future#v7_relativesplatpath. @ http://localhost:7290/node_modules/.vite/deps/react-router-dom.js?v=e8ea50cc:4433
